# JRE version: OpenJDK Runtime Environment (7.0_79-b14) (build 1.7.0_79-b14)
# Java VM: OpenJDK 64-Bit Server VM (24.79-b02 mixed mode linux-amd64 compressed oops)
Heap
 PSYoungGen      total 35328K, used 20606K [0x00000000eb280000, 0x00000000ed780000, 0x0000000100000000)
  eden space 32768K, 55% used [0x00000000eb280000,0x00000000ec4275b0,0x00000000ed280000)
  from space 2560K, 98% used [0x00000000ed500000,0x00000000ed778430,0x00000000ed780000)
  to   space 2560K, 0% used [0x00000000ed280000,0x00000000ed280000,0x00000000ed500000)
 ParOldGen       total 335360K, used 295408K [0x00000000c1800000, 0x00000000d5f80000, 0x00000000eb280000)
  object space 335360K, 88% used [0x00000000c1800000,0x00000000d387c370,0x00000000d5f80000)
 PSPermGen       total 21504K, used 12665K [0x00000000b7200000, 0x00000000b8700000, 0x00000000c1800000)
  object space 21504K, 58% used [0x00000000b7200000,0x00000000b7e5e4d0,0x00000000b8700000)
GC Heap History (8 events):
Event: 0.556 GC heap before
{Heap before GC invocations=1 (full 0):
 PSYoungGen      total 18944K, used 16384K [0x00000000eb280000, 0x00000000ec780000, 0x0000000100000000)
  eden space 16384K, 100% used [0x00000000eb280000,0x00000000ec280000,0x00000000ec280000)
  from space 2560K, 0% used [0x00000000ec500000,0x00000000ec500000,0x00000000ec780000)
  to   space 2560K, 0% used [0x00000000ec280000,0x00000000ec280000,0x00000000ec500000)
 ParOldGen       total 41984K, used 0K [0x00000000c1800000, 0x00000000c4100000, 0x00000000eb280000)
  object space 41984K, 0% used [0x00000000c1800000,0x00000000c1800000,0x00000000c4100000)
 PSPermGen       total 21504K, used 6930K [0x00000000b7200000, 0x00000000b8700000, 0x00000000c1800000)
  object space 21504K, 32% used [0x00000000b7200000,0x00000000b78c48f8,0x00000000b8700000)
Event: 0.560 GC heap after
Heap after GC invocations=1 (full 0):
 PSYoungGen      total 18944K, used 2551K [0x00000000eb280000, 0x00000000ec780000, 0x0000000100000000)
  eden space 16384K, 0% used [0x00000000eb280000,0x00000000eb280000,0x00000000ec280000)
  from space 2560K, 99% used [0x00000000ec280000,0x00000000ec4fdd78,0x00000000ec500000)
  to   space 2560K, 0% used [0x00000000ec500000,0x00000000ec500000,0x00000000ec780000)
 ParOldGen       total 41984K, used 146K [0x00000000c1800000, 0x00000000c4100000, 0x00000000eb280000)
  object space 41984K, 0% used [0x00000000c1800000,0x00000000c1824938,0x00000000c4100000)
 PSPermGen       total 21504K, used 6930K [0x00000000b7200000, 0x00000000b8700000, 0x00000000c1800000)
  object space 21504K, 32% used [0x00000000b7200000,0x00000000b78c48f8,0x00000000b8700000)
}
Event: 0.993 GC heap before
{Heap before GC invocations=2 (full 0):
 PSYoungGen      total 18944K, used 18935K [0x00000000eb280000, 0x00000000ec780000, 0x0000000100000000)
  eden space 16384K, 100% used [0x00000000eb280000,0x00000000ec280000,0x00000000ec280000)
  from space 2560K, 99% used [0x00000000ec280000,0x00000000ec4fdd78,0x00000000ec500000)
  to   space 2560K, 0% used [0x00000000ec500000,0x00000000ec500000,0x00000000ec780000)
 ParOldGen       total 41984K, used 146K [0x00000000c1800000, 0x00000000c4100000, 0x00000000eb280000)
  object space 41984K, 0% used [0x00000000c1800000,0x00000000c1824938,0x00000000c4100000)
 PSPermGen       total 21504K, used 7477K [0x00000000b7200000, 0x00000000b8700000, 0x00000000c1800000)
  object space 21504K, 34% used [0x00000000b7200000,0x00000000b794d598,0x00000000b8700000)
Event: 0.998 GC heap after
Heap after GC invocations=2 (full 0):
 PSYoungGen      total 18944K, used 1777K [0x00000000eb280000, 0x00000000ec780000, 0x0000000100000000)
  eden space 16384K, 0% used [0x00000000eb280000,0x00000000eb280000,0x00000000ec280000)
  from space 2560K, 69% used [0x00000000ec500000,0x00000000ec6bc6a8,0x00000000ec780000)
  to   space 2560K, 0% used [0x00000000ec280000,0x00000000ec280000,0x00000000ec500000)
 ParOldGen       total 41984K, used 154K [0x00000000c1800000, 0x00000000c4100000, 0x00000000eb280000)
  object space 41984K, 0% used [0x00000000c1800000,0x00000000c1826938,0x00000000c4100000)
 PSPermGen       total 21504K, used 7477K [0x00000000b7200000, 0x00000000b8700000, 0x00000000c1800000)
  object space 21504K, 34% used [0x00000000b7200000,0x00000000b794d598,0x00000000b8700000)
}
Event: 1.640 GC heap before
{Heap before GC invocations=3 (full 0):
 PSYoungGen      total 18944K, used 18161K [0x00000000eb280000, 0x00000000ec780000, 0x0000000100000000)
  eden space 16384K, 100% used [0x00000000eb280000,0x00000000ec280000,0x00000000ec280000)
  from space 2560K, 69% used [0x00000000ec500000,0x00000000ec6bc6a8,0x00000000ec780000)
  to   space 2560K, 0% used [0x00000000ec280000,0x00000000ec280000,0x00000000ec500000)
 ParOldGen       total 41984K, used 154K [0x00000000c1800000, 0x00000000c4100000, 0x00000000eb280000)
  object space 41984K, 0% used [0x00000000c1800000,0x00000000c1826938,0x00000000c4100000)
 PSPermGen       total 21504K, used 11068K [0x00000000b7200000, 0x00000000b8700000, 0x00000000c1800000)
  object space 21504K, 51% used [0x00000000b7200000,0x00000000b7ccf148,0x00000000b8700000)
Event: 1.648 GC heap after
Heap after GC invocations=3 (full 0):
 PSYoungGen      total 18944K, used 2559K [0x00000000eb280000, 0x00000000ed780000, 0x0000000100000000)
  eden space 16384K, 0% used [0x00000000eb280000,0x00000000eb280000,0x00000000ec280000)
  from space 2560K, 99% used [0x00000000ec280000,0x00000000ec4ffca0,0x00000000ec500000)
  to   space 2560K, 0% used [0x00000000ed500000,0x00000000ed500000,0x00000000ed780000)
 ParOldGen       total 41984K, used 1178K [0x00000000c1800000, 0x00000000c4100000, 0x00000000eb280000)
  object space 41984K, 2% used [0x00000000c1800000,0x00000000c1926830,0x00000000c4100000)
 PSPermGen       total 21504K, used 11068K [0x00000000b7200000, 0x00000000b8700000, 0x00000000c1800000)
  object space 21504K, 51% used [0x00000000b7200000,0x00000000b7ccf148,0x00000000b8700000)
}
Event: 1.919 GC heap before
{Heap before GC invocations=4 (full 0):
 PSYoungGen      total 18944K, used 16023K [0x00000000eb280000, 0x00000000ed780000, 0x0000000100000000)
  eden space 16384K, 82% used [0x00000000eb280000,0x00000000ebfa61d8,0x00000000ec280000)
  from space 2560K, 99% used [0x00000000ec280000,0x00000000ec4ffca0,0x00000000ec500000)
  to   space 2560K, 0% used [0x00000000ed500000,0x00000000ed500000,0x00000000ed780000)
 ParOldGen       total 139776K, used 98458K [0x00000000c1800000, 0x00000000ca080000, 0x00000000eb280000)
  object space 139776K, 70% used [0x00000000c1800000,0x00000000c7826840,0x00000000ca080000)
 PSPermGen       total 21504K, used 12315K [0x00000000b7200000, 0x00000000b8700000, 0x00000000c1800000)
  object space 21504K, 57% used [0x00000000b7200000,0x00000000b7e06d50,0x00000000b8700000)
Event: 1.927 GC heap after
Heap after GC invocations=4 (full 0):
 PSYoungGen      total 35328K, used 2529K [0x00000000eb280000, 0x00000000ed780000, 0x0000000100000000)
  eden space 32768K, 0% used [0x00000000eb280000,0x00000000eb280000,0x00000000ed280000)
  from space 2560K, 98% used [0x00000000ed500000,0x00000000ed778430,0x00000000ed780000)
  to   space 2560K, 0% used [0x00000000ed280000,0x00000000ed280000,0x00000000ed500000)
 ParOldGen       total 139776K, used 100848K [0x00000000c1800000, 0x00000000ca080000, 0x00000000eb280000)
  object space 139776K, 72% used [0x00000000c1800000,0x00000000c7a7c350,0x00000000ca080000)
 PSPermGen       total 21504K, used 12315K [0x00000000b7200000, 0x00000000b8700000, 0x00000000c1800000)
  object space 21504K, 57% used [0x00000000b7200000,0x00000000b7e06d50,0x00000000b8700000)
}

