# JRE version: OpenJDK Runtime Environment (7.0_79-b14) (build 1.7.0_79-b14)
# Java VM: OpenJDK 64-Bit Server VM (24.79-b02 mixed mode linux-amd64 compressed oops)
Heap
 PSYoungGen      total 210944K, used 424K [0x00000000eb280000, 0x00000000f8c80000, 0x0000000100000000)
  eden space 199680K, 0% used [0x00000000eb280000,0x00000000eb280000,0x00000000f7580000)
  from space 11264K, 3% used [0x00000000f7580000,0x00000000f75ea218,0x00000000f8080000)
  to   space 10240K, 0% used [0x00000000f8080000,0x00000000f8080000,0x00000000f8a80000)
 ParOldGen       total 139776K, used 121303K [0x00000000c1800000, 0x00000000ca080000, 0x00000000eb280000)
  object space 139776K, 86% used [0x00000000c1800000,0x00000000c8e75d78,0x00000000ca080000)
 PSPermGen       total 21504K, used 19478K [0x00000000b7200000, 0x00000000b8700000, 0x00000000c1800000)
  object space 21504K, 90% used [0x00000000b7200000,0x00000000b8505ac8,0x00000000b8700000)
GC Heap History (10 events):
Event: 4.180 GC heap after
Heap after GC invocations=6 (full 0):
 PSYoungGen      total 72704K, used 3028K [0x00000000eb280000, 0x00000000f4080000, 0x0000000100000000)
  eden space 62976K, 0% used [0x00000000eb280000,0x00000000eb280000,0x00000000ef000000)
  from space 9728K, 31% used [0x00000000ef980000,0x00000000efc753d0,0x00000000f0300000)
  to   space 9728K, 0% used [0x00000000ef000000,0x00000000ef000000,0x00000000ef980000)
 ParOldGen       total 139776K, used 109864K [0x00000000c1800000, 0x00000000ca080000, 0x00000000eb280000)
  object space 139776K, 78% used [0x00000000c1800000,0x00000000c834a3a0,0x00000000ca080000)
 PSPermGen       total 21504K, used 17090K [0x00000000b7200000, 0x00000000b8700000, 0x00000000c1800000)
  object space 21504K, 79% used [0x00000000b7200000,0x00000000b82b09f8,0x00000000b8700000)
}
Event: 4.489 GC heap before
{Heap before GC invocations=7 (full 0):
 PSYoungGen      total 72704K, used 66004K [0x00000000eb280000, 0x00000000f4080000, 0x0000000100000000)
  eden space 62976K, 100% used [0x00000000eb280000,0x00000000ef000000,0x00000000ef000000)
  from space 9728K, 31% used [0x00000000ef980000,0x00000000efc753d0,0x00000000f0300000)
  to   space 9728K, 0% used [0x00000000ef000000,0x00000000ef000000,0x00000000ef980000)
 ParOldGen       total 139776K, used 109864K [0x00000000c1800000, 0x00000000ca080000, 0x00000000eb280000)
  object space 139776K, 78% used [0x00000000c1800000,0x00000000c834a3a0,0x00000000ca080000)
 PSPermGen       total 21504K, used 17131K [0x00000000b7200000, 0x00000000b8700000, 0x00000000c1800000)
  object space 21504K, 79% used [0x00000000b7200000,0x00000000b82bac58,0x00000000b8700000)
Event: 4.495 GC heap after
Heap after GC invocations=7 (full 0):
 PSYoungGen      total 72704K, used 2644K [0x00000000eb280000, 0x00000000f3f80000, 0x0000000100000000)
  eden space 62976K, 0% used [0x00000000eb280000,0x00000000eb280000,0x00000000ef000000)
  from space 9728K, 27% used [0x00000000ef000000,0x00000000ef295170,0x00000000ef980000)
  to   space 9216K, 0% used [0x00000000f3680000,0x00000000f3680000,0x00000000f3f80000)
 ParOldGen       total 139776K, used 110320K [0x00000000c1800000, 0x00000000ca080000, 0x00000000eb280000)
  object space 139776K, 78% used [0x00000000c1800000,0x00000000c83bc170,0x00000000ca080000)
 PSPermGen       total 21504K, used 17131K [0x00000000b7200000, 0x00000000b8700000, 0x00000000c1800000)
  object space 21504K, 79% used [0x00000000b7200000,0x00000000b82bac58,0x00000000b8700000)
}
Event: 4.716 GC heap before
{Heap before GC invocations=8 (full 0):
 PSYoungGen      total 72704K, used 65620K [0x00000000eb280000, 0x00000000f3f80000, 0x0000000100000000)
  eden space 62976K, 100% used [0x00000000eb280000,0x00000000ef000000,0x00000000ef000000)
  from space 9728K, 27% used [0x00000000ef000000,0x00000000ef295170,0x00000000ef980000)
  to   space 9216K, 0% used [0x00000000f3680000,0x00000000f3680000,0x00000000f3f80000)
 ParOldGen       total 139776K, used 110320K [0x00000000c1800000, 0x00000000ca080000, 0x00000000eb280000)
  object space 139776K, 78% used [0x00000000c1800000,0x00000000c83bc170,0x00000000ca080000)
 PSPermGen       total 21504K, used 17160K [0x00000000b7200000, 0x00000000b8700000, 0x00000000c1800000)
  object space 21504K, 79% used [0x00000000b7200000,0x00000000b82c23e0,0x00000000b8700000)
Event: 4.722 GC heap after
Heap after GC invocations=8 (full 0):
 PSYoungGen      total 134656K, used 927K [0x00000000eb280000, 0x00000000f4080000, 0x0000000100000000)
  eden space 125440K, 0% used [0x00000000eb280000,0x00000000eb280000,0x00000000f2d00000)
  from space 9216K, 10% used [0x00000000f3680000,0x00000000f3767e78,0x00000000f3f80000)
  to   space 9728K, 0% used [0x00000000f2d00000,0x00000000f2d00000,0x00000000f3680000)
 ParOldGen       total 139776K, used 112274K [0x00000000c1800000, 0x00000000ca080000, 0x00000000eb280000)
  object space 139776K, 80% used [0x00000000c1800000,0x00000000c85a48e8,0x00000000ca080000)
 PSPermGen       total 21504K, used 17160K [0x00000000b7200000, 0x00000000b8700000, 0x00000000c1800000)
  object space 21504K, 79% used [0x00000000b7200000,0x00000000b82c23e0,0x00000000b8700000)
}
Event: 6.240 GC heap before
{Heap before GC invocations=9 (full 0):
 PSYoungGen      total 134656K, used 126367K [0x00000000eb280000, 0x00000000f4080000, 0x0000000100000000)
  eden space 125440K, 100% used [0x00000000eb280000,0x00000000f2d00000,0x00000000f2d00000)
  from space 9216K, 10% used [0x00000000f3680000,0x00000000f3767e78,0x00000000f3f80000)
  to   space 9728K, 0% used [0x00000000f2d00000,0x00000000f2d00000,0x00000000f3680000)
 ParOldGen       total 139776K, used 112274K [0x00000000c1800000, 0x00000000ca080000, 0x00000000eb280000)
  object space 139776K, 80% used [0x00000000c1800000,0x00000000c85a48e8,0x00000000ca080000)
 PSPermGen       total 21504K, used 18026K [0x00000000b7200000, 0x00000000b8700000, 0x00000000c1800000)
  object space 21504K, 83% used [0x00000000b7200000,0x00000000b839aa20,0x00000000b8700000)
Event: 6.253 GC heap after
Heap after GC invocations=9 (full 0):
 PSYoungGen      total 135168K, used 7304K [0x00000000eb280000, 0x00000000f8a80000, 0x0000000100000000)
  eden space 125440K, 0% used [0x00000000eb280000,0x00000000eb280000,0x00000000f2d00000)
  from space 9728K, 75% used [0x00000000f2d00000,0x00000000f3422098,0x00000000f3680000)
  to   space 10240K, 0% used [0x00000000f8080000,0x00000000f8080000,0x00000000f8a80000)
 ParOldGen       total 139776K, used 112777K [0x00000000c1800000, 0x00000000ca080000, 0x00000000eb280000)
  object space 139776K, 80% used [0x00000000c1800000,0x00000000c86227f8,0x00000000ca080000)
 PSPermGen       total 21504K, used 18026K [0x00000000b7200000, 0x00000000b8700000, 0x00000000c1800000)
  object space 21504K, 83% used [0x00000000b7200000,0x00000000b839aa20,0x00000000b8700000)
}
Event: 6.951 GC heap before
{Heap before GC invocations=10 (full 0):
 PSYoungGen      total 135168K, used 132744K [0x00000000eb280000, 0x00000000f8a80000, 0x0000000100000000)
  eden space 125440K, 100% used [0x00000000eb280000,0x00000000f2d00000,0x00000000f2d00000)
  from space 9728K, 75% used [0x00000000f2d00000,0x00000000f3422098,0x00000000f3680000)
  to   space 10240K, 0% used [0x00000000f8080000,0x00000000f8080000,0x00000000f8a80000)
 ParOldGen       total 139776K, used 112777K [0x00000000c1800000, 0x00000000ca080000, 0x00000000eb280000)
  object space 139776K, 80% used [0x00000000c1800000,0x00000000c86227f8,0x00000000ca080000)
 PSPermGen       total 21504K, used 19273K [0x00000000b7200000, 0x00000000b8700000, 0x00000000c1800000)
  object space 21504K, 89% used [0x00000000b7200000,0x00000000b84d26c8,0x00000000b8700000)
Event: 7.310 GC heap after
Heap after GC invocations=10 (full 0):
 PSYoungGen      total 209920K, used 8903K [0x00000000eb280000, 0x00000000f8c80000, 0x0000000100000000)
  eden space 199680K, 0% used [0x00000000eb280000,0x00000000eb280000,0x00000000f7580000)
  from space 10240K, 86% used [0x00000000f8080000,0x00000000f8931ea0,0x00000000f8a80000)
  to   space 11264K, 0% used [0x00000000f7580000,0x00000000f7580000,0x00000000f8080000)
 ParOldGen       total 139776K, used 112801K [0x00000000c1800000, 0x00000000ca080000, 0x00000000eb280000)
  object space 139776K, 80% used [0x00000000c1800000,0x00000000c86287f8,0x00000000ca080000)
 PSPermGen       total 21504K, used 19273K [0x00000000b7200000, 0x00000000b8700000, 0x00000000c1800000)
  object space 21504K, 89% used [0x00000000b7200000,0x00000000b84d26c8,0x00000000b8700000)
}
Event: 9.091 GC heap before
{Heap before GC invocations=11 (full 0):
 PSYoungGen      total 209920K, used 208583K [0x00000000eb280000, 0x00000000f8c80000, 0x0000000100000000)
  eden space 199680K, 100% used [0x00000000eb280000,0x00000000f7580000,0x00000000f7580000)
  from space 10240K, 86% used [0x00000000f8080000,0x00000000f8931ea0,0x00000000f8a80000)
  to   space 11264K, 0% used [0x00000000f7580000,0x00000000f7580000,0x00000000f8080000)
 ParOldGen       total 139776K, used 112801K [0x00000000c1800000, 0x00000000ca080000, 0x00000000eb280000)
  object space 139776K, 80% used [0x00000000c1800000,0x00000000c86287f8,0x00000000ca080000)
 PSPermGen       total 21504K, used 19478K [0x00000000b7200000, 0x00000000b8700000, 0x00000000c1800000)
  object space 21504K, 90% used [0x00000000b7200000,0x00000000b8505ac8,0x00000000b8700000)

