# JRE version: OpenJDK Runtime Environment (7.0_79-b14) (build 1.7.0_79-b14)
# Java VM: OpenJDK 64-Bit Server VM (24.79-b02 mixed mode linux-amd64 compressed oops)
Heap
 PSYoungGen      total 70656K, used 3624K [0x00000000f5500000, 0x00000000f9f00000, 0x0000000100000000)
  eden space 65536K, 0% used [0x00000000f5500000,0x00000000f5500000,0x00000000f9500000)
  from space 5120K, 70% used [0x00000000f9500000,0x00000000f988a048,0x00000000f9a00000)
  to   space 4608K, 0% used [0x00000000f9a80000,0x00000000f9a80000,0x00000000f9f00000)
 ParOldGen       total 333312K, used 298729K [0x00000000e0000000, 0x00000000f4580000, 0x00000000f5500000)
  object space 333312K, 89% used [0x00000000e0000000,0x00000000f23ba6e8,0x00000000f4580000)
 PSPermGen       total 25600K, used 13980K [0x00000000d5a00000, 0x00000000d7300000, 0x00000000e0000000)
  object space 25600K, 54% used [0x00000000d5a00000,0x00000000d67a7270,0x00000000d7300000)
GC Heap History (10 events):
Event: 1.402 GC heap after
Heap after GC invocations=3 (full 0):
 PSYoungGen      total 18944K, used 2551K [0x00000000f5500000, 0x00000000f7a00000, 0x0000000100000000)
  eden space 16384K, 0% used [0x00000000f5500000,0x00000000f5500000,0x00000000f6500000)
  from space 2560K, 99% used [0x00000000f6500000,0x00000000f677dc48,0x00000000f6780000)
  to   space 2560K, 0% used [0x00000000f7780000,0x00000000f7780000,0x00000000f7a00000)
 ParOldGen       total 41984K, used 1162K [0x00000000e0000000, 0x00000000e2900000, 0x00000000f5500000)
  object space 41984K, 2% used [0x00000000e0000000,0x00000000e0122818,0x00000000e2900000)
 PSPermGen       total 21504K, used 11067K [0x00000000d5a00000, 0x00000000d6f00000, 0x00000000e0000000)
  object space 21504K, 51% used [0x00000000d5a00000,0x00000000d64cefe0,0x00000000d6f00000)
}
Event: 1.657 GC heap before
{Heap before GC invocations=4 (full 0):
 PSYoungGen      total 18944K, used 16098K [0x00000000f5500000, 0x00000000f7a00000, 0x0000000100000000)
  eden space 16384K, 82% used [0x00000000f5500000,0x00000000f623adb8,0x00000000f6500000)
  from space 2560K, 99% used [0x00000000f6500000,0x00000000f677dc48,0x00000000f6780000)
  to   space 2560K, 0% used [0x00000000f7780000,0x00000000f7780000,0x00000000f7a00000)
 ParOldGen       total 139776K, used 98442K [0x00000000e0000000, 0x00000000e8880000, 0x00000000f5500000)
  object space 139776K, 70% used [0x00000000e0000000,0x00000000e6022828,0x00000000e8880000)
 PSPermGen       total 21504K, used 12332K [0x00000000d5a00000, 0x00000000d6f00000, 0x00000000e0000000)
  object space 21504K, 57% used [0x00000000d5a00000,0x00000000d660b2c0,0x00000000d6f00000)
Event: 1.663 GC heap after
Heap after GC invocations=4 (full 0):
 PSYoungGen      total 35328K, used 2545K [0x00000000f5500000, 0x00000000f7a00000, 0x0000000100000000)
  eden space 32768K, 0% used [0x00000000f5500000,0x00000000f5500000,0x00000000f7500000)
  from space 2560K, 99% used [0x00000000f7780000,0x00000000f79fc420,0x00000000f7a00000)
  to   space 2560K, 0% used [0x00000000f7500000,0x00000000f7500000,0x00000000f7780000)
 ParOldGen       total 139776K, used 100850K [0x00000000e0000000, 0x00000000e8880000, 0x00000000f5500000)
  object space 139776K, 72% used [0x00000000e0000000,0x00000000e627cb88,0x00000000e8880000)
 PSPermGen       total 21504K, used 12332K [0x00000000d5a00000, 0x00000000d6f00000, 0x00000000e0000000)
  object space 21504K, 57% used [0x00000000d5a00000,0x00000000d660b2c0,0x00000000d6f00000)
}
Event: 2.252 GC heap before
{Heap before GC invocations=5 (full 0):
 PSYoungGen      total 35328K, used 33839K [0x00000000f5500000, 0x00000000f7a00000, 0x0000000100000000)
  eden space 32768K, 95% used [0x00000000f5500000,0x00000000f738f9c8,0x00000000f7500000)
  from space 2560K, 99% used [0x00000000f7780000,0x00000000f79fc420,0x00000000f7a00000)
  to   space 2560K, 0% used [0x00000000f7500000,0x00000000f7500000,0x00000000f7780000)
 ParOldGen       total 349184K, used 295410K [0x00000000e0000000, 0x00000000f5500000, 0x00000000f5500000)
  object space 349184K, 84% used [0x00000000e0000000,0x00000000f207cba8,0x00000000f5500000)
 PSPermGen       total 21504K, used 12697K [0x00000000d5a00000, 0x00000000d6f00000, 0x00000000e0000000)
  object space 21504K, 59% used [0x00000000d5a00000,0x00000000d6666418,0x00000000d6f00000)
Event: 2.258 GC heap after
Heap after GC invocations=5 (full 0):
 PSYoungGen      total 35328K, used 2529K [0x00000000f5500000, 0x00000000fa000000, 0x0000000100000000)
  eden space 32768K, 0% used [0x00000000f5500000,0x00000000f5500000,0x00000000f7500000)
  from space 2560K, 98% used [0x00000000f7500000,0x00000000f7778430,0x00000000f7780000)
  to   space 5632K, 0% used [0x00000000f9a80000,0x00000000f9a80000,0x00000000fa000000)
 ParOldGen       total 349184K, used 295714K [0x00000000e0000000, 0x00000000f5500000, 0x00000000f5500000)
  object space 349184K, 84% used [0x00000000e0000000,0x00000000f20c8bc8,0x00000000f5500000)
 PSPermGen       total 21504K, used 12697K [0x00000000d5a00000, 0x00000000d6f00000, 0x00000000e0000000)
  object space 21504K, 59% used [0x00000000d5a00000,0x00000000d6666418,0x00000000d6f00000)
}
Event: 2.259 GC heap before
{Heap before GC invocations=6 (full 0):
 PSYoungGen      total 35328K, used 2529K [0x00000000f5500000, 0x00000000fa000000, 0x0000000100000000)
  eden space 32768K, 0% used [0x00000000f5500000,0x00000000f5500000,0x00000000f7500000)
  from space 2560K, 98% used [0x00000000f7500000,0x00000000f7778430,0x00000000f7780000)
  to   space 5632K, 0% used [0x00000000f9a80000,0x00000000f9a80000,0x00000000fa000000)
 ParOldGen       total 349184K, used 295714K [0x00000000e0000000, 0x00000000f5500000, 0x00000000f5500000)
  object space 349184K, 84% used [0x00000000e0000000,0x00000000f20c8bc8,0x00000000f5500000)
 PSPermGen       total 21504K, used 12697K [0x00000000d5a00000, 0x00000000d6f00000, 0x00000000e0000000)
  object space 21504K, 59% used [0x00000000d5a00000,0x00000000d6666418,0x00000000d6f00000)
Event: 2.263 GC heap after
Heap after GC invocations=6 (full 0):
 PSYoungGen      total 70144K, used 2561K [0x00000000f5500000, 0x00000000f9f00000, 0x0000000100000000)
  eden space 65536K, 0% used [0x00000000f5500000,0x00000000f5500000,0x00000000f9500000)
  from space 4608K, 55% used [0x00000000f9a80000,0x00000000f9d00430,0x00000000f9f00000)
  to   space 5120K, 0% used [0x00000000f9500000,0x00000000f9500000,0x00000000f9a00000)
 ParOldGen       total 349184K, used 295714K [0x00000000e0000000, 0x00000000f5500000, 0x00000000f5500000)
  object space 349184K, 84% used [0x00000000e0000000,0x00000000f20c8bc8,0x00000000f5500000)
 PSPermGen       total 21504K, used 12697K [0x00000000d5a00000, 0x00000000d6f00000, 0x00000000e0000000)
  object space 21504K, 59% used [0x00000000d5a00000,0x00000000d6666418,0x00000000d6f00000)
}
Event: 2.264 GC heap before
{Heap before GC invocations=7 (full 1):
 PSYoungGen      total 70144K, used 2561K [0x00000000f5500000, 0x00000000f9f00000, 0x0000000100000000)
  eden space 65536K, 0% used [0x00000000f5500000,0x00000000f5500000,0x00000000f9500000)
  from space 4608K, 55% used [0x00000000f9a80000,0x00000000f9d00430,0x00000000f9f00000)
  to   space 5120K, 0% used [0x00000000f9500000,0x00000000f9500000,0x00000000f9a00000)
 ParOldGen       total 349184K, used 295714K [0x00000000e0000000, 0x00000000f5500000, 0x00000000f5500000)
  object space 349184K, 84% used [0x00000000e0000000,0x00000000f20c8bc8,0x00000000f5500000)
 PSPermGen       total 21504K, used 12697K [0x00000000d5a00000, 0x00000000d6f00000, 0x00000000e0000000)
  object space 21504K, 59% used [0x00000000d5a00000,0x00000000d6666418,0x00000000d6f00000)
Event: 2.334 GC heap after
Heap after GC invocations=7 (full 1):
 PSYoungGen      total 70144K, used 0K [0x00000000f5500000, 0x00000000f9f00000, 0x0000000100000000)
  eden space 65536K, 0% used [0x00000000f5500000,0x00000000f5500000,0x00000000f9500000)
  from space 4608K, 0% used [0x00000000f9a80000,0x00000000f9a80000,0x00000000f9f00000)
  to   space 5120K, 0% used [0x00000000f9500000,0x00000000f9500000,0x00000000f9a00000)
 ParOldGen       total 39936K, used 3049K [0x00000000e0000000, 0x00000000e2700000, 0x00000000f5500000)
  object space 39936K, 7% used [0x00000000e0000000,0x00000000e02fa6a8,0x00000000e2700000)
 PSPermGen       total 25600K, used 12693K [0x00000000d5a00000, 0x00000000d7300000, 0x00000000e0000000)
  object space 25600K, 49% used [0x00000000d5a00000,0x00000000d6665418,0x00000000d7300000)
}
Event: 3.457 GC heap before
{Heap before GC invocations=8 (full 1):
 PSYoungGen      total 70144K, used 65536K [0x00000000f5500000, 0x00000000f9f00000, 0x0000000100000000)
  eden space 65536K, 100% used [0x00000000f5500000,0x00000000f9500000,0x00000000f9500000)
  from space 4608K, 0% used [0x00000000f9a80000,0x00000000f9a80000,0x00000000f9f00000)
  to   space 5120K, 0% used [0x00000000f9500000,0x00000000f9500000,0x00000000f9a00000)
 ParOldGen       total 333312K, used 294889K [0x00000000e0000000, 0x00000000f4580000, 0x00000000f5500000)
  object space 333312K, 88% used [0x00000000e0000000,0x00000000f1ffa6d8,0x00000000f4580000)
 PSPermGen       total 25600K, used 13980K [0x00000000d5a00000, 0x00000000d7300000, 0x00000000e0000000)
  object space 25600K, 54% used [0x00000000d5a00000,0x00000000d67a7270,0x00000000d7300000)

