# JRE version: OpenJDK Runtime Environment (7.0_79-b14) (build 1.7.0_79-b14)
# Java VM: OpenJDK 64-Bit Server VM (24.79-b02 mixed mode linux-amd64 compressed oops)
Heap
 PSYoungGen      total 73728K, used 2144K [0x00000000f5500000, 0x00000000fa500000, 0x0000000100000000)
  eden space 65536K, 0% used [0x00000000f5500000,0x00000000f5500000,0x00000000f9500000)
  from space 8192K, 26% used [0x00000000f9500000,0x00000000f9718010,0x00000000f9d00000)
  to   space 7680K, 0% used [0x00000000f9d80000,0x00000000f9d80000,0x00000000fa500000)
 ParOldGen       total 349184K, used 301493K [0x00000000e0000000, 0x00000000f5500000, 0x00000000f5500000)
  object space 349184K, 86% used [0x00000000e0000000,0x00000000f266d440,0x00000000f5500000)
 PSPermGen       total 21504K, used 12760K [0x00000000d5a00000, 0x00000000d6f00000, 0x00000000e0000000)
  object space 21504K, 59% used [0x00000000d5a00000,0x00000000d6676150,0x00000000d6f00000)
GC Heap History (10 events):
Event: 1.358 GC heap after
Heap after GC invocations=2 (full 0):
 PSYoungGen      total 18944K, used 1793K [0x00000000f5500000, 0x00000000f7a00000, 0x0000000100000000)
  eden space 16384K, 0% used [0x00000000f5500000,0x00000000f5500000,0x00000000f6500000)
  from space 2560K, 70% used [0x00000000f6780000,0x00000000f69406b8,0x00000000f6a00000)
  to   space 2560K, 0% used [0x00000000f6500000,0x00000000f6500000,0x00000000f6780000)
 ParOldGen       total 41984K, used 182K [0x00000000e0000000, 0x00000000e2900000, 0x00000000f5500000)
  object space 41984K, 0% used [0x00000000e0000000,0x00000000e002d9a0,0x00000000e2900000)
 PSPermGen       total 21504K, used 7477K [0x00000000d5a00000, 0x00000000d6f00000, 0x00000000e0000000)
  object space 21504K, 34% used [0x00000000d5a00000,0x00000000d614d558,0x00000000d6f00000)
}
Event: 2.026 GC heap before
{Heap before GC invocations=3 (full 0):
 PSYoungGen      total 18944K, used 18177K [0x00000000f5500000, 0x00000000f7a00000, 0x0000000100000000)
  eden space 16384K, 100% used [0x00000000f5500000,0x00000000f6500000,0x00000000f6500000)
  from space 2560K, 70% used [0x00000000f6780000,0x00000000f69406b8,0x00000000f6a00000)
  to   space 2560K, 0% used [0x00000000f6500000,0x00000000f6500000,0x00000000f6780000)
 ParOldGen       total 41984K, used 182K [0x00000000e0000000, 0x00000000e2900000, 0x00000000f5500000)
  object space 41984K, 0% used [0x00000000e0000000,0x00000000e002d9a0,0x00000000e2900000)
 PSPermGen       total 21504K, used 11068K [0x00000000d5a00000, 0x00000000d6f00000, 0x00000000e0000000)
  object space 21504K, 51% used [0x00000000d5a00000,0x00000000d64cf020,0x00000000d6f00000)
Event: 2.031 GC heap after
Heap after GC invocations=3 (full 0):
 PSYoungGen      total 18944K, used 2551K [0x00000000f5500000, 0x00000000f7a00000, 0x0000000100000000)
  eden space 16384K, 0% used [0x00000000f5500000,0x00000000f5500000,0x00000000f6500000)
  from space 2560K, 99% used [0x00000000f6500000,0x00000000f677dd38,0x00000000f6780000)
  to   space 2560K, 0% used [0x00000000f7780000,0x00000000f7780000,0x00000000f7a00000)
 ParOldGen       total 41984K, used 1199K [0x00000000e0000000, 0x00000000e2900000, 0x00000000f5500000)
  object space 41984K, 2% used [0x00000000e0000000,0x00000000e012bfb8,0x00000000e2900000)
 PSPermGen       total 21504K, used 11068K [0x00000000d5a00000, 0x00000000d6f00000, 0x00000000e0000000)
  object space 21504K, 51% used [0x00000000d5a00000,0x00000000d64cf020,0x00000000d6f00000)
}
Event: 2.279 GC heap before
{Heap before GC invocations=4 (full 0):
 PSYoungGen      total 18944K, used 15709K [0x00000000f5500000, 0x00000000f7a00000, 0x0000000100000000)
  eden space 16384K, 80% used [0x00000000f5500000,0x00000000f61d99e8,0x00000000f6500000)
  from space 2560K, 99% used [0x00000000f6500000,0x00000000f677dd38,0x00000000f6780000)
  to   space 2560K, 0% used [0x00000000f7780000,0x00000000f7780000,0x00000000f7a00000)
 ParOldGen       total 139776K, used 98479K [0x00000000e0000000, 0x00000000e8880000, 0x00000000f5500000)
  object space 139776K, 70% used [0x00000000e0000000,0x00000000e602bfc8,0x00000000e8880000)
 PSPermGen       total 21504K, used 12286K [0x00000000d5a00000, 0x00000000d6f00000, 0x00000000e0000000)
  object space 21504K, 57% used [0x00000000d5a00000,0x00000000d65ff998,0x00000000d6f00000)
Event: 2.285 GC heap after
Heap after GC invocations=4 (full 0):
 PSYoungGen      total 35328K, used 2529K [0x00000000f5500000, 0x00000000f7a00000, 0x0000000100000000)
  eden space 32768K, 0% used [0x00000000f5500000,0x00000000f5500000,0x00000000f7500000)
  from space 2560K, 98% used [0x00000000f7780000,0x00000000f79f8430,0x00000000f7a00000)
  to   space 2560K, 0% used [0x00000000f7500000,0x00000000f7500000,0x00000000f7780000)
 ParOldGen       total 139776K, used 100848K [0x00000000e0000000, 0x00000000e8880000, 0x00000000f5500000)
  object space 139776K, 72% used [0x00000000e0000000,0x00000000e627c3f8,0x00000000e8880000)
 PSPermGen       total 21504K, used 12286K [0x00000000d5a00000, 0x00000000d6f00000, 0x00000000e0000000)
  object space 21504K, 57% used [0x00000000d5a00000,0x00000000d65ff998,0x00000000d6f00000)
}
Event: 3.226 GC heap before
{Heap before GC invocations=5 (full 0):
 PSYoungGen      total 35328K, used 35297K [0x00000000f5500000, 0x00000000f7a00000, 0x0000000100000000)
  eden space 32768K, 100% used [0x00000000f5500000,0x00000000f7500000,0x00000000f7500000)
  from space 2560K, 98% used [0x00000000f7780000,0x00000000f79f8430,0x00000000f7a00000)
  to   space 2560K, 0% used [0x00000000f7500000,0x00000000f7500000,0x00000000f7780000)
 ParOldGen       total 335360K, used 295409K [0x00000000e0000000, 0x00000000f4780000, 0x00000000f5500000)
  object space 335360K, 88% used [0x00000000e0000000,0x00000000f207c418,0x00000000f4780000)
 PSPermGen       total 21504K, used 12740K [0x00000000d5a00000, 0x00000000d6f00000, 0x00000000e0000000)
  object space 21504K, 59% used [0x00000000d5a00000,0x00000000d6671180,0x00000000d6f00000)
Event: 3.234 GC heap after
Heap after GC invocations=5 (full 0):
 PSYoungGen      total 35328K, used 2528K [0x00000000f5500000, 0x00000000fa600000, 0x0000000100000000)
  eden space 32768K, 0% used [0x00000000f5500000,0x00000000f5500000,0x00000000f7500000)
  from space 2560K, 98% used [0x00000000f7500000,0x00000000f7778010,0x00000000f7780000)
  to   space 8704K, 0% used [0x00000000f9d80000,0x00000000f9d80000,0x00000000fa600000)
 ParOldGen       total 335360K, used 300973K [0x00000000e0000000, 0x00000000f4780000, 0x00000000f5500000)
  object space 335360K, 89% used [0x00000000e0000000,0x00000000f25eb548,0x00000000f4780000)
 PSPermGen       total 21504K, used 12740K [0x00000000d5a00000, 0x00000000d6f00000, 0x00000000e0000000)
  object space 21504K, 59% used [0x00000000d5a00000,0x00000000d6671180,0x00000000d6f00000)
}
Event: 3.274 GC heap before
{Heap before GC invocations=6 (full 0):
 PSYoungGen      total 35328K, used 4247K [0x00000000f5500000, 0x00000000fa600000, 0x0000000100000000)
  eden space 32768K, 5% used [0x00000000f5500000,0x00000000f56adf80,0x00000000f7500000)
  from space 2560K, 98% used [0x00000000f7500000,0x00000000f7778010,0x00000000f7780000)
  to   space 8704K, 0% used [0x00000000f9d80000,0x00000000f9d80000,0x00000000fa600000)
 ParOldGen       total 349184K, used 300973K [0x00000000e0000000, 0x00000000f5500000, 0x00000000f5500000)
  object space 349184K, 86% used [0x00000000e0000000,0x00000000f25eb548,0x00000000f5500000)
 PSPermGen       total 21504K, used 12760K [0x00000000d5a00000, 0x00000000d6f00000, 0x00000000e0000000)
  object space 21504K, 59% used [0x00000000d5a00000,0x00000000d6676150,0x00000000d6f00000)
Event: 3.278 GC heap after
Heap after GC invocations=6 (full 0):
 PSYoungGen      total 73216K, used 2688K [0x00000000f5500000, 0x00000000fa500000, 0x0000000100000000)
  eden space 65536K, 0% used [0x00000000f5500000,0x00000000f5500000,0x00000000f9500000)
  from space 7680K, 35% used [0x00000000f9d80000,0x00000000fa020030,0x00000000fa500000)
  to   space 8192K, 0% used [0x00000000f9500000,0x00000000f9500000,0x00000000f9d00000)
 ParOldGen       total 349184K, used 300973K [0x00000000e0000000, 0x00000000f5500000, 0x00000000f5500000)
  object space 349184K, 86% used [0x00000000e0000000,0x00000000f25eb548,0x00000000f5500000)
 PSPermGen       total 21504K, used 12760K [0x00000000d5a00000, 0x00000000d6f00000, 0x00000000e0000000)
  object space 21504K, 59% used [0x00000000d5a00000,0x00000000d6676150,0x00000000d6f00000)
}
Event: 3.278 GC heap before
{Heap before GC invocations=7 (full 0):
 PSYoungGen      total 73216K, used 2688K [0x00000000f5500000, 0x00000000fa500000, 0x0000000100000000)
  eden space 65536K, 0% used [0x00000000f5500000,0x00000000f5500000,0x00000000f9500000)
  from space 7680K, 35% used [0x00000000f9d80000,0x00000000fa020030,0x00000000fa500000)
  to   space 8192K, 0% used [0x00000000f9500000,0x00000000f9500000,0x00000000f9d00000)
 ParOldGen       total 349184K, used 300973K [0x00000000e0000000, 0x00000000f5500000, 0x00000000f5500000)
  object space 349184K, 86% used [0x00000000e0000000,0x00000000f25eb548,0x00000000f5500000)
 PSPermGen       total 21504K, used 12760K [0x00000000d5a00000, 0x00000000d6f00000, 0x00000000e0000000)
  object space 21504K, 59% used [0x00000000d5a00000,0x00000000d6676150,0x00000000d6f00000)

