# JRE version: OpenJDK Runtime Environment (7.0_79-b14) (build 1.7.0_79-b14)
# Java VM: OpenJDK 64-Bit Server VM (24.79-b02 mixed mode linux-amd64 compressed oops)
Heap
 PSYoungGen      total 35328K, used 20875K [0x00000000eb280000, 0x00000000ed780000, 0x0000000100000000)
  eden space 32768K, 55% used [0x00000000eb280000,0x00000000ec4667d0,0x00000000ed280000)
  from space 2560K, 99% used [0x00000000ed500000,0x00000000ed77c430,0x00000000ed780000)
  to   space 2560K, 0% used [0x00000000ed280000,0x00000000ed280000,0x00000000ed500000)
 ParOldGen       total 335360K, used 295319K [0x00000000c1800000, 0x00000000d5f80000, 0x00000000eb280000)
  object space 335360K, 88% used [0x00000000c1800000,0x00000000d3865f98,0x00000000d5f80000)
 PSPermGen       total 21504K, used 12670K [0x00000000b7200000, 0x00000000b8700000, 0x00000000c1800000)
  object space 21504K, 58% used [0x00000000b7200000,0x00000000b7e5f830,0x00000000b8700000)
GC Heap History (8 events):
Event: 0.402 GC heap before
{Heap before GC invocations=1 (full 0):
 PSYoungGen      total 18944K, used 16384K [0x00000000eb280000, 0x00000000ec780000, 0x0000000100000000)
  eden space 16384K, 100% used [0x00000000eb280000,0x00000000ec280000,0x00000000ec280000)
  from space 2560K, 0% used [0x00000000ec500000,0x00000000ec500000,0x00000000ec780000)
  to   space 2560K, 0% used [0x00000000ec280000,0x00000000ec280000,0x00000000ec500000)
 ParOldGen       total 41984K, used 0K [0x00000000c1800000, 0x00000000c4100000, 0x00000000eb280000)
  object space 41984K, 0% used [0x00000000c1800000,0x00000000c1800000,0x00000000c4100000)
 PSPermGen       total 21504K, used 6930K [0x00000000b7200000, 0x00000000b8700000, 0x00000000c1800000)
  object space 21504K, 32% used [0x00000000b7200000,0x00000000b78c48f8,0x00000000b8700000)
Event: 0.406 GC heap after
Heap after GC invocations=1 (full 0):
 PSYoungGen      total 18944K, used 2558K [0x00000000eb280000, 0x00000000ec780000, 0x0000000100000000)
  eden space 16384K, 0% used [0x00000000eb280000,0x00000000eb280000,0x00000000ec280000)
  from space 2560K, 99% used [0x00000000ec280000,0x00000000ec4ffba0,0x00000000ec500000)
  to   space 2560K, 0% used [0x00000000ec500000,0x00000000ec500000,0x00000000ec780000)
 ParOldGen       total 41984K, used 146K [0x00000000c1800000, 0x00000000c4100000, 0x00000000eb280000)
  object space 41984K, 0% used [0x00000000c1800000,0x00000000c1824938,0x00000000c4100000)
 PSPermGen       total 21504K, used 6930K [0x00000000b7200000, 0x00000000b8700000, 0x00000000c1800000)
  object space 21504K, 32% used [0x00000000b7200000,0x00000000b78c48f8,0x00000000b8700000)
}
Event: 0.807 GC heap before
{Heap before GC invocations=2 (full 0):
 PSYoungGen      total 18944K, used 18942K [0x00000000eb280000, 0x00000000ec780000, 0x0000000100000000)
  eden space 16384K, 100% used [0x00000000eb280000,0x00000000ec280000,0x00000000ec280000)
  from space 2560K, 99% used [0x00000000ec280000,0x00000000ec4ffba0,0x00000000ec500000)
  to   space 2560K, 0% used [0x00000000ec500000,0x00000000ec500000,0x00000000ec780000)
 ParOldGen       total 41984K, used 146K [0x00000000c1800000, 0x00000000c4100000, 0x00000000eb280000)
  object space 41984K, 0% used [0x00000000c1800000,0x00000000c1824938,0x00000000c4100000)
 PSPermGen       total 21504K, used 7477K [0x00000000b7200000, 0x00000000b8700000, 0x00000000c1800000)
  object space 21504K, 34% used [0x00000000b7200000,0x00000000b794d5e8,0x00000000b8700000)
Event: 0.812 GC heap after
Heap after GC invocations=2 (full 0):
 PSYoungGen      total 18944K, used 1777K [0x00000000eb280000, 0x00000000ec780000, 0x0000000100000000)
  eden space 16384K, 0% used [0x00000000eb280000,0x00000000eb280000,0x00000000ec280000)
  from space 2560K, 69% used [0x00000000ec500000,0x00000000ec6bc6a8,0x00000000ec780000)
  to   space 2560K, 0% used [0x00000000ec280000,0x00000000ec280000,0x00000000ec500000)
 ParOldGen       total 41984K, used 154K [0x00000000c1800000, 0x00000000c4100000, 0x00000000eb280000)
  object space 41984K, 0% used [0x00000000c1800000,0x00000000c1826938,0x00000000c4100000)
 PSPermGen       total 21504K, used 7477K [0x00000000b7200000, 0x00000000b8700000, 0x00000000c1800000)
  object space 21504K, 34% used [0x00000000b7200000,0x00000000b794d5e8,0x00000000b8700000)
}
Event: 1.306 GC heap before
{Heap before GC invocations=3 (full 0):
 PSYoungGen      total 18944K, used 18161K [0x00000000eb280000, 0x00000000ec780000, 0x0000000100000000)
  eden space 16384K, 100% used [0x00000000eb280000,0x00000000ec280000,0x00000000ec280000)
  from space 2560K, 69% used [0x00000000ec500000,0x00000000ec6bc6a8,0x00000000ec780000)
  to   space 2560K, 0% used [0x00000000ec280000,0x00000000ec280000,0x00000000ec500000)
 ParOldGen       total 41984K, used 154K [0x00000000c1800000, 0x00000000c4100000, 0x00000000eb280000)
  object space 41984K, 0% used [0x00000000c1800000,0x00000000c1826938,0x00000000c4100000)
 PSPermGen       total 21504K, used 11067K [0x00000000b7200000, 0x00000000b8700000, 0x00000000c1800000)
  object space 21504K, 51% used [0x00000000b7200000,0x00000000b7ccefa0,0x00000000b8700000)
Event: 1.313 GC heap after
Heap after GC invocations=3 (full 0):
 PSYoungGen      total 18944K, used 2557K [0x00000000eb280000, 0x00000000ed780000, 0x0000000100000000)
  eden space 16384K, 0% used [0x00000000eb280000,0x00000000eb280000,0x00000000ec280000)
  from space 2560K, 99% used [0x00000000ec280000,0x00000000ec4ff620,0x00000000ec500000)
  to   space 2560K, 0% used [0x00000000ed500000,0x00000000ed500000,0x00000000ed780000)
 ParOldGen       total 41984K, used 1147K [0x00000000c1800000, 0x00000000c4100000, 0x00000000eb280000)
  object space 41984K, 2% used [0x00000000c1800000,0x00000000c191ef00,0x00000000c4100000)
 PSPermGen       total 21504K, used 11067K [0x00000000b7200000, 0x00000000b8700000, 0x00000000c1800000)
  object space 21504K, 51% used [0x00000000b7200000,0x00000000b7ccefa0,0x00000000b8700000)
}
Event: 1.546 GC heap before
{Heap before GC invocations=4 (full 0):
 PSYoungGen      total 18944K, used 16266K [0x00000000eb280000, 0x00000000ed780000, 0x0000000100000000)
  eden space 16384K, 83% used [0x00000000eb280000,0x00000000ebfe34b8,0x00000000ec280000)
  from space 2560K, 99% used [0x00000000ec280000,0x00000000ec4ff620,0x00000000ec500000)
  to   space 2560K, 0% used [0x00000000ed500000,0x00000000ed500000,0x00000000ed780000)
 ParOldGen       total 139776K, used 98427K [0x00000000c1800000, 0x00000000ca080000, 0x00000000eb280000)
  object space 139776K, 70% used [0x00000000c1800000,0x00000000c781ef10,0x00000000ca080000)
 PSPermGen       total 21504K, used 12332K [0x00000000b7200000, 0x00000000b8700000, 0x00000000c1800000)
  object space 21504K, 57% used [0x00000000b7200000,0x00000000b7e0b280,0x00000000b8700000)
Event: 1.552 GC heap after
Heap after GC invocations=4 (full 0):
 PSYoungGen      total 35328K, used 2545K [0x00000000eb280000, 0x00000000ed780000, 0x0000000100000000)
  eden space 32768K, 0% used [0x00000000eb280000,0x00000000eb280000,0x00000000ed280000)
  from space 2560K, 99% used [0x00000000ed500000,0x00000000ed77c430,0x00000000ed780000)
  to   space 2560K, 0% used [0x00000000ed280000,0x00000000ed280000,0x00000000ed500000)
 ParOldGen       total 139776K, used 100759K [0x00000000c1800000, 0x00000000ca080000, 0x00000000eb280000)
  object space 139776K, 72% used [0x00000000c1800000,0x00000000c7a65f78,0x00000000ca080000)
 PSPermGen       total 21504K, used 12332K [0x00000000b7200000, 0x00000000b8700000, 0x00000000c1800000)
  object space 21504K, 57% used [0x00000000b7200000,0x00000000b7e0b280,0x00000000b8700000)
}

